<?xml version="1.0" encoding="UTF-8"?>
<!-- Generated by org.testng.reporters.JUnitXMLReporter -->
<testsuite ignored="0" hostname="MacBook-Pro-Setinin.local" failures="0" tests="10" name="CallTracking" time="45.946" errors="0" timestamp="2023-05-30T17:57:18 EET">
  <testcase classname="mytests.CallTracking" name="openBrowser" time="34.388"/>
  <testcase classname="mytests.CallTracking" name="openBrowser" time="0.979"/>
  <testcase classname="mytests.CallTracking" name="openBrowser" time="1.918"/>
  <testcase classname="mytests.CallTracking" name="openBrowser" time="2.613"/>
  <testcase classname="mytests.CallTracking" name="openBrowser" time="1.027"/>
  <testcase classname="mytests.CallTracking" name="openBrowser" time="0.911"/>
  <testcase classname="mytests.CallTracking" name="openBrowser" time="0.996"/>
  <testcase classname="mytests.CallTracking" name="openBrowser" time="1.007"/>
  <testcase classname="mytests.CallTracking" name="openBrowser" time="1.031"/>
  <testcase classname="mytests.CallTracking" name="openBrowser" time="0.976"/>
</testsuite> <!-- CallTracking -->
