<?xml version="1.0" encoding="UTF-8"?>
<testsuite xmlns:xsi="http://www.w3.org/2001/XMLSchema-instance" xsi:noNamespaceSchemaLocation="https://maven.apache.org/surefire/maven-surefire-plugin/xsd/surefire-test-report.xsd" name="TestSuite" time="48.052" tests="10" errors="0" skipped="0" failures="0">
  <properties>
[...]
</properties>
  <testcase name="openBrowser" classname="mytests.CallTracking" time="34.39"/>
  <testcase name="openBrowser" classname="mytests.CallTracking" time="0.978"/>
  <testcase name="openBrowser" classname="mytests.CallTracking" time="1.918"/>
  <testcase name="openBrowser" classname="mytests.CallTracking" time="2.613"/>
  <testcase name="openBrowser" classname="mytests.CallTracking" time="1.028"/>
  <testcase name="openBrowser" classname="mytests.CallTracking" time="0.911"/>
  <testcase name="openBrowser" classname="mytests.CallTracking" time="0.996"/>
  <testcase name="openBrowser" classname="mytests.CallTracking" time="1.006"/>
  <testcase name="openBrowser" classname="mytests.CallTracking" time="1.03"/>
  <testcase name="openBrowser" classname="mytests.CallTracking" time="0.975"/>
</testsuite>