<?xml version="1.0" encoding="UTF-8"?>
<testng-results ignored="0" total="10" passed="10" failed="0" skipped="0">
  <reporter-output>
  </reporter-output>
  <suite started-at="2023-05-30T17:56:32 EET" name="MyXML_ForTest" finished-at="2023-05-30T17:57:18 EET" duration-ms="45946">
    <groups>
    </groups>
    <test started-at="2023-05-30T17:56:32 EET" name="CallTracking" finished-at="2023-05-30T17:57:18 EET" duration-ms="45946">
      <class name="mytests.CallTracking">
        <test-method signature="openBrowser(java.lang.String,java.lang.String,java.lang.String,java.lang.String)[pri:0, instance:mytests.CallTracking@774698ab]" started-at="2023-05-30T17:56:32 EET" name="openBrowser" data-provider="testdata" finished-at="2023-05-30T17:57:06 EET" duration-ms="34388" status="PASS">
          <params>
            <param index="0">
              <value>
                <![CDATA[Тест]]>
              </value>
            </param>
            <param index="1">
              <value>
                <![CDATA[test@i.ru]]>
              </value>
            </param>
            <param index="2">
              <value>
                <![CDATA[+389623920000]]>
              </value>
            </param>
            <param index="3">
              <value>
                <![CDATA[Нет]]>
              </value>
            </param>
          </params>
          <reporter-output>
          </reporter-output>
        </test-method> <!-- openBrowser -->
        <test-method signature="openBrowser(java.lang.String,java.lang.String,java.lang.String,java.lang.String)[pri:0, instance:mytests.CallTracking@774698ab]" started-at="2023-05-30T17:57:06 EET" name="openBrowser" data-provider="testdata" finished-at="2023-05-30T17:57:07 EET" duration-ms="979" status="PASS">
          <params>
            <param index="0">
              <value>
                <![CDATA[Тест]]>
              </value>
            </param>
            <param index="1">
              <value>
                <![CDATA[test@i.ru]]>
              </value>
            </param>
            <param index="2">
              <value>
                <![CDATA[+389623923921]]>
              </value>
            </param>
            <param index="3">
              <value>
                <![CDATA[Да]]>
              </value>
            </param>
          </params>
          <reporter-output>
          </reporter-output>
        </test-method> <!-- openBrowser -->
        <test-method signature="openBrowser(java.lang.String,java.lang.String,java.lang.String,java.lang.String)[pri:0, instance:mytests.CallTracking@774698ab]" started-at="2023-05-30T17:57:07 EET" name="openBrowser" data-provider="testdata" finished-at="2023-05-30T17:57:09 EET" duration-ms="1918" status="PASS">
          <params>
            <param index="0">
              <value>
                <![CDATA[Тест]]>
              </value>
            </param>
            <param index="1">
              <value>
                <![CDATA[test@i.ru]]>
              </value>
            </param>
            <param index="2">
              <value>
                <![CDATA[+389623920002]]>
              </value>
            </param>
            <param index="3">
              <value>
                <![CDATA[Да]]>
              </value>
            </param>
          </params>
          <reporter-output>
          </reporter-output>
        </test-method> <!-- openBrowser -->
        <test-method signature="openBrowser(java.lang.String,java.lang.String,java.lang.String,java.lang.String)[pri:0, instance:mytests.CallTracking@774698ab]" started-at="2023-05-30T17:57:09 EET" name="openBrowser" data-provider="testdata" finished-at="2023-05-30T17:57:11 EET" duration-ms="2613" status="PASS">
          <params>
            <param index="0">
              <value>
                <![CDATA[Тест]]>
              </value>
            </param>
            <param index="1">
              <value>
                <![CDATA[test@i.ru]]>
              </value>
            </param>
            <param index="2">
              <value>
                <![CDATA[+389623920003]]>
              </value>
            </param>
            <param index="3">
              <value>
                <![CDATA[Да]]>
              </value>
            </param>
          </params>
          <reporter-output>
          </reporter-output>
        </test-method> <!-- openBrowser -->
        <test-method signature="openBrowser(java.lang.String,java.lang.String,java.lang.String,java.lang.String)[pri:0, instance:mytests.CallTracking@774698ab]" started-at="2023-05-30T17:57:11 EET" name="openBrowser" data-provider="testdata" finished-at="2023-05-30T17:57:13 EET" duration-ms="1027" status="PASS">
          <params>
            <param index="0">
              <value>
                <![CDATA[Тест]]>
              </value>
            </param>
            <param index="1">
              <value>
                <![CDATA[test@i.ru]]>
              </value>
            </param>
            <param index="2">
              <value>
                <![CDATA[+389623920004]]>
              </value>
            </param>
            <param index="3">
              <value>
                <![CDATA[Да]]>
              </value>
            </param>
          </params>
          <reporter-output>
          </reporter-output>
        </test-method> <!-- openBrowser -->
        <test-method signature="openBrowser(java.lang.String,java.lang.String,java.lang.String,java.lang.String)[pri:0, instance:mytests.CallTracking@774698ab]" started-at="2023-05-30T17:57:13 EET" name="openBrowser" data-provider="testdata" finished-at="2023-05-30T17:57:13 EET" duration-ms="911" status="PASS">
          <params>
            <param index="0">
              <value>
                <![CDATA[Тест]]>
              </value>
            </param>
            <param index="1">
              <value>
                <![CDATA[test@i.ru]]>
              </value>
            </param>
            <param index="2">
              <value>
                <![CDATA[+389623920005]]>
              </value>
            </param>
            <param index="3">
              <value>
                <![CDATA[Да]]>
              </value>
            </param>
          </params>
          <reporter-output>
          </reporter-output>
        </test-method> <!-- openBrowser -->
        <test-method signature="openBrowser(java.lang.String,java.lang.String,java.lang.String,java.lang.String)[pri:0, instance:mytests.CallTracking@774698ab]" started-at="2023-05-30T17:57:13 EET" name="openBrowser" data-provider="testdata" finished-at="2023-05-30T17:57:14 EET" duration-ms="996" status="PASS">
          <params>
            <param index="0">
              <value>
                <![CDATA[Тест]]>
              </value>
            </param>
            <param index="1">
              <value>
                <![CDATA[test@i.ru]]>
              </value>
            </param>
            <param index="2">
              <value>
                <![CDATA[+389623920006]]>
              </value>
            </param>
            <param index="3">
              <value>
                <![CDATA[Да]]>
              </value>
            </param>
          </params>
          <reporter-output>
          </reporter-output>
        </test-method> <!-- openBrowser -->
        <test-method signature="openBrowser(java.lang.String,java.lang.String,java.lang.String,java.lang.String)[pri:0, instance:mytests.CallTracking@774698ab]" started-at="2023-05-30T17:57:14 EET" name="openBrowser" data-provider="testdata" finished-at="2023-05-30T17:57:15 EET" duration-ms="1007" status="PASS">
          <params>
            <param index="0">
              <value>
                <![CDATA[Тест]]>
              </value>
            </param>
            <param index="1">
              <value>
                <![CDATA[test@i.ru]]>
              </value>
            </param>
            <param index="2">
              <value>
                <![CDATA[+389623920007]]>
              </value>
            </param>
            <param index="3">
              <value>
                <![CDATA[Да]]>
              </value>
            </param>
          </params>
          <reporter-output>
          </reporter-output>
        </test-method> <!-- openBrowser -->
        <test-method signature="openBrowser(java.lang.String,java.lang.String,java.lang.String,java.lang.String)[pri:0, instance:mytests.CallTracking@774698ab]" started-at="2023-05-30T17:57:15 EET" name="openBrowser" data-provider="testdata" finished-at="2023-05-30T17:57:16 EET" duration-ms="1031" status="PASS">
          <params>
            <param index="0">
              <value>
                <![CDATA[Тест]]>
              </value>
            </param>
            <param index="1">
              <value>
                <![CDATA[test@i.ru]]>
              </value>
            </param>
            <param index="2">
              <value>
                <![CDATA[+389623920008]]>
              </value>
            </param>
            <param index="3">
              <value>
                <![CDATA[Да]]>
              </value>
            </param>
          </params>
          <reporter-output>
          </reporter-output>
        </test-method> <!-- openBrowser -->
        <test-method signature="openBrowser(java.lang.String,java.lang.String,java.lang.String,java.lang.String)[pri:0, instance:mytests.CallTracking@774698ab]" started-at="2023-05-30T17:57:16 EET" name="openBrowser" data-provider="testdata" finished-at="2023-05-30T17:57:17 EET" duration-ms="976" status="PASS">
          <params>
            <param index="0">
              <value>
                <![CDATA[Тест]]>
              </value>
            </param>
            <param index="1">
              <value>
                <![CDATA[test@i.ru]]>
              </value>
            </param>
            <param index="2">
              <value>
                <![CDATA[+389623920009]]>
              </value>
            </param>
            <param index="3">
              <value>
                <![CDATA[Да]]>
              </value>
            </param>
          </params>
          <reporter-output>
          </reporter-output>
        </test-method> <!-- openBrowser -->
        <test-method is-config="true" signature="closeBrowser()[pri:0, instance:mytests.CallTracking@774698ab]" started-at="2023-05-30T17:57:17 EET" name="closeBrowser" finished-at="2023-05-30T17:57:18 EET" duration-ms="80" status="PASS">
          <reporter-output>
          </reporter-output>
        </test-method> <!-- closeBrowser -->
      </class> <!-- mytests.CallTracking -->
    </test> <!-- CallTracking -->
  </suite> <!-- MyXML_ForTest -->
</testng-results>
